Reading settings file. Path:
Inputs/TAU2D/Settings.dat
Frame time: 2e-05
Number of frames: 1200
Output frame info: 1
Output data type: 0
Output contents: 1
Boundary time output: 1
Output ghost particles to file: 0
Max sub iterations: 25
Max particle add rounds: 4000
Particles in each coordinate: 20  20
Particle initial spacing: 0.0002
Boundary spacing factor: 0.7
Simulation boundary case: 6
Simulation Aerodynamic case: 4
Ghost particles?: 1
Starting position: 1  -0.02
Starting angle: -100  0
Jet dimensions: 0.00881  0.01
Pipe pressure: 0
Jet velocity: 5.414
Freestream velocity: 20  0
Post processing: 1
Post processing mesh size: 2e-05
Post processing support radius: 0.0005
Closing settings file
Reading fluid file. Path:
Inputs/TAU2D/Fluid.dat
Newmark-Beta terms: 0.25  0.5
Smoothing length factor: 2
Artificial visc: 0.1
contact angle: 150
Fluid density rho0: 810
Air density rhog: 0.4648
Speed of sound: 150
Fluid viscosity: 0.00142
Air viscosity: 1.716e-05
Surface Tension: 0.0256
Gas ref Vel: 119.926
Get ref Press: 36472
Gas ref Temp: 273.15
Mesh input file: mesh.grid.conf.edges
Mesh solution file: sol.pval.10000
Mesh scale: 1
Closing fluid file
Tait Gamma: 7  Tait B: 2.60357e+06
Pipe rho: 810
Pipe step (dx): 0.000195582
Particle mass: 3.09844e-05
Freestream initial spacing: 0.000195582
Support Radius: 0.000391164
Gas Dynamic pressure: 27.8708

Checking existence of folder:/mnt/e/OneDrive - University of Bristol/WCSPH/Outputs/TAU2D/
Checking for existence of previous szplt files.
Path: /mnt/e/OneDrive - University of Bristol/WCSPH/Outputs/TAU2D/Fuel.szplt.szdat
Attempting read of NetCDF file.
Mesh file: Inputs/TAU2D/mesh.grid.conf.edges
Solution file: Inputs/TAU2D/sol.pval.10000
nElem : 23552 nPnts: 23952 nEdge: 47504
Reading edge data
Allocating array of: 47504 by 2
Attempting to read NetCDF faces.
Successfully read face data.
Returning vector
Reading coordinates.
Ignored dimension: 2
Number of points: 23952
Returning coordinates.
Reading element left/right and placing faces
Attempting to read NetCDF left elements.
Successfully read left element data.
Attempting to read NetCDF right elements.
Successfully read right element data.
End of placing edges in elements.
All elements defined.

